# JRE version: OpenJDK Runtime Environment Temurin-17.0.1+12 (17.0.1+12) (build 17.0.1+12)
# Java VM: OpenJDK 64-Bit Server VM Temurin-17.0.1+12 (17.0.1+12, mixed mode, emulated-client, tiered, compressed oops, compressed class ptrs, g1 gc, windows-amd64)
GC Precious Log:
 CPUs: 4 total, 4 available
 Memory: 8073M
 Large Page Support: Disabled
 NUMA Support: Disabled
 Compressed Oops: Enabled (32-bit)
 Heap Region Size: 1M
 Heap Min Capacity: 8M
 Heap Initial Capacity: 128M
 Heap Max Capacity: 2020M
 Pre-touch: Disabled
 Parallel Workers: 4
 Concurrent Workers: 1
 Concurrent Refinement Workers: 4
 Periodic GC: Disabled
Heap:
 garbage-first heap   total 61440K, used 17354K [0x0000000081c00000, 0x0000000100000000)
  region size 1024K, 4 young (4096K), 3 survivors (3072K)
 Metaspace       used 35841K, committed 36160K, reserved 1081344K
  class space    used 4495K, committed 4672K, reserved 1048576K
GC Heap History (20 events):
Event: 1.009 GC heap after
{Heap after GC invocations=2 (full 0):
 garbage-first heap   total 131072K, used 7737K [0x0000000081c00000, 0x0000000100000000)
  region size 1024K, 2 young (2048K), 2 survivors (2048K)
 Metaspace       used 16323K, committed 16576K, reserved 1064960K
  class space    used 1733K, committed 1856K, reserved 1048576K
}
Event: 1.391 GC heap before
{Heap before GC invocations=2 (full 0):
 garbage-first heap   total 131072K, used 29241K [0x0000000081c00000, 0x0000000100000000)
  region size 1024K, 24 young (24576K), 2 survivors (2048K)
 Metaspace       used 21280K, committed 21504K, reserved 1073152K
  class space    used 2433K, committed 2496K, reserved 1048576K
}
Event: 1.397 GC heap after
{Heap after GC invocations=3 (full 0):
 garbage-first heap   total 131072K, used 8999K [0x0000000081c00000, 0x0000000100000000)
  region size 1024K, 3 young (3072K), 3 survivors (3072K)
 Metaspace       used 21280K, committed 21504K, reserved 1073152K
  class space    used 2433K, committed 2496K, reserved 1048576K
}
Event: 1.696 GC heap before
{Heap before GC invocations=4 (full 0):
 garbage-first heap   total 34816K, used 25383K [0x0000000081c00000, 0x0000000100000000)
  region size 1024K, 20 young (20480K), 3 survivors (3072K)
 Metaspace       used 24900K, committed 25216K, reserved 1073152K
  class space    used 2936K, committed 3072K, reserved 1048576K
}
Event: 1.702 GC heap after
{Heap after GC invocations=5 (full 0):
 garbage-first heap   total 34816K, used 9777K [0x0000000081c00000, 0x0000000100000000)
  region size 1024K, 4 young (4096K), 4 survivors (4096K)
 Metaspace       used 24900K, committed 25216K, reserved 1073152K
  class space    used 2936K, committed 3072K, reserved 1048576K
}
Event: 1.723 GC heap before
{Heap before GC invocations=5 (full 0):
 garbage-first heap   total 34816K, used 10801K [0x0000000081c00000, 0x0000000100000000)
  region size 1024K, 5 young (5120K), 4 survivors (4096K)
 Metaspace       used 24934K, committed 25216K, reserved 1073152K
  class space    used 2940K, committed 3072K, reserved 1048576K
}
Event: 1.729 GC heap after
{Heap after GC invocations=6 (full 0):
 garbage-first heap   total 34816K, used 10055K [0x0000000081c00000, 0x0000000100000000)
  region size 1024K, 1 young (1024K), 1 survivors (1024K)
 Metaspace       used 24934K, committed 25216K, reserved 1073152K
  class space    used 2940K, committed 3072K, reserved 1048576K
}
Event: 1.785 GC heap before
{Heap before GC invocations=6 (full 0):
 garbage-first heap   total 34816K, used 20295K [0x0000000081c00000, 0x0000000100000000)
  region size 1024K, 12 young (12288K), 1 survivors (1024K)
 Metaspace       used 25302K, committed 25600K, reserved 1073152K
  class space    used 2986K, committed 3136K, reserved 1048576K
}
Event: 1.786 GC heap after
{Heap after GC invocations=7 (full 0):
 garbage-first heap   total 34816K, used 9985K [0x0000000081c00000, 0x0000000100000000)
  region size 1024K, 1 young (1024K), 1 survivors (1024K)
 Metaspace       used 25302K, committed 25600K, reserved 1073152K
  class space    used 2986K, committed 3136K, reserved 1048576K
}
Event: 1.790 GC heap before
{Heap before GC invocations=7 (full 0):
 garbage-first heap   total 34816K, used 21249K [0x0000000081c00000, 0x0000000100000000)
  region size 1024K, 13 young (13312K), 1 survivors (1024K)
 Metaspace       used 25323K, committed 25600K, reserved 1073152K
  class space    used 2989K, committed 3136K, reserved 1048576K
}
Event: 1.791 GC heap after
{Heap after GC invocations=8 (full 0):
 garbage-first heap   total 61440K, used 9979K [0x0000000081c00000, 0x0000000100000000)
  region size 1024K, 1 young (1024K), 1 survivors (1024K)
 Metaspace       used 25323K, committed 25600K, reserved 1073152K
  class space    used 2989K, committed 3136K, reserved 1048576K
}
Event: 2.133 GC heap before
{Heap before GC invocations=8 (full 0):
 garbage-first heap   total 61440K, used 44795K [0x0000000081c00000, 0x0000000100000000)
  region size 1024K, 36 young (36864K), 1 survivors (1024K)
 Metaspace       used 26888K, committed 27136K, reserved 1073152K
  class space    used 3215K, committed 3328K, reserved 1048576K
}
Event: 2.136 GC heap after
{Heap after GC invocations=9 (full 0):
 garbage-first heap   total 61440K, used 11165K [0x0000000081c00000, 0x0000000100000000)
  region size 1024K, 2 young (2048K), 2 survivors (2048K)
 Metaspace       used 26888K, committed 27136K, reserved 1073152K
  class space    used 3215K, committed 3328K, reserved 1048576K
}
Event: 2.871 GC heap before
{Heap before GC invocations=9 (full 0):
 garbage-first heap   total 61440K, used 45981K [0x0000000081c00000, 0x0000000100000000)
  region size 1024K, 36 young (36864K), 2 survivors (2048K)
 Metaspace       used 32161K, committed 32448K, reserved 1081344K
  class space    used 4030K, committed 4160K, reserved 1048576K
}
Event: 2.880 GC heap after
{Heap after GC invocations=10 (full 0):
 garbage-first heap   total 61440K, used 14448K [0x0000000081c00000, 0x0000000100000000)
  region size 1024K, 5 young (5120K), 5 survivors (5120K)
 Metaspace       used 32161K, committed 32448K, reserved 1081344K
  class space    used 4030K, committed 4160K, reserved 1048576K
}
Event: 3.081 GC heap before
{Heap before GC invocations=10 (full 0):
 garbage-first heap   total 61440K, used 45168K [0x0000000081c00000, 0x0000000100000000)
  region size 1024K, 36 young (36864K), 5 survivors (5120K)
 Metaspace       used 34273K, committed 34624K, reserved 1081344K
  class space    used 4275K, committed 4480K, reserved 1048576K
}
Event: 3.093 GC heap after
{Heap after GC invocations=11 (full 0):
 garbage-first heap   total 61440K, used 16088K [0x0000000081c00000, 0x0000000100000000)
  region size 1024K, 2 young (2048K), 2 survivors (2048K)
 Metaspace       used 34273K, committed 34624K, reserved 1081344K
  class space    used 4275K, committed 4480K, reserved 1048576K
}
Event: 3.342 GC heap before
{Heap before GC invocations=11 (full 0):
 garbage-first heap   total 61440K, used 46808K [0x0000000081c00000, 0x0000000100000000)
  region size 1024K, 33 young (33792K), 2 survivors (2048K)
 Metaspace       used 35625K, committed 35968K, reserved 1081344K
  class space    used 4465K, committed 4608K, reserved 1048576K
}
Event: 3.346 GC heap after
{Heap after GC invocations=12 (full 0):
 garbage-first heap   total 61440K, used 16330K [0x0000000081c00000, 0x0000000100000000)
  region size 1024K, 2 young (2048K), 2 survivors (2048K)
 Metaspace       used 35625K, committed 35968K, reserved 1081344K
  class space    used 4465K, committed 4608K, reserved 1048576K
}
Event: 3.366 GC heap before
{Heap before GC invocations=12 (full 0):
 garbage-first heap   total 61440K, used 16330K [0x0000000081c00000, 0x0000000100000000)
  region size 1024K, 3 young (3072K), 2 survivors (2048K)
 Metaspace       used 35841K, committed 36160K, reserved 1081344K
  class space    used 4495K, committed 4672K, reserved 1048576K
}

